<?xml version="1.0" encoding="UTF-8"?>
<!-- Generated by org.testng.reporters.JUnitXMLReporter -->
<testsuite ignored="0" hostname="DESKTOP-C3B320K" failures="0" tests="3" name="HelloWorldTest" time="6.588" errors="0" timestamp="2022-07-29T16:22:43 EET">
  <testcase classname="API_RestAssuredProject.RestAssured.AppTest" name="doUserPost" time="4.786"/>
  <testcase classname="API_RestAssuredProject.RestAssured.AppTest" name="getUserEmail" time="0.732"/>
  <testcase classname="API_RestAssuredProject.RestAssured.AppTest" name="getUserPosts" time="0.596"/>
</testsuite> <!-- HelloWorldTest -->
