<?xml version="1.0" encoding="UTF-8"?>
<!-- Generated by org.testng.reporters.JUnitXMLReporter -->
<testsuite ignored="0" hostname="DESKTOP-C3B320K" failures="0" tests="3" name="HelloWorldTest" time="8.821" errors="0" timestamp="2022-07-29T18:42:55 EET">
  <testcase classname="API_RestAssuredProject.RestAssured.AppTest" name="getUserEmail" time="6.388"/>
  <testcase classname="API_RestAssuredProject.RestAssured.AppTest" name="getUserPosts" time="0.523"/>
  <testcase classname="API_RestAssuredProject.RestAssured.AppTest" name="doUserPost" time="0.532"/>
</testsuite> <!-- HelloWorldTest -->
