<?xml version="1.0" encoding="UTF-8"?>
<!-- Generated by org.testng.reporters.JUnitReportReporter -->
<testsuite hostname="DESKTOP-537R0T8" failures="0" tests="3" name="API_RestAssuredProject.RestAssured.App" time="2.592" errors="0" timestamp="2022-07-29T19:41:17 EET" skipped="0">
  <testcase classname="API_RestAssuredProject.RestAssured.App" name="getUserEmail" time="1.587"/>
  <system-out/>
  <testcase classname="API_RestAssuredProject.RestAssured.App" name="getUserPosts" time="0.501"/>
  <system-out/>
  <testcase classname="API_RestAssuredProject.RestAssured.App" name="doUserPost" time="0.504"/>
  <system-out/>
</testsuite> <!-- API_RestAssuredProject.RestAssured.App -->
