<?xml version="1.0" encoding="UTF-8"?>
<!-- Generated by org.testng.reporters.JUnitReportReporter -->
<testsuite hostname="DESKTOP-C3B320K" failures="0" tests="3" name="API_RestAssuredProject.RestAssured.AppTest" time="4.724" errors="0" timestamp="2022-07-29T18:26:27 EET" skipped="0">
  <testcase classname="API_RestAssuredProject.RestAssured.AppTest" name="getUserPosts" time="0.504"/>
  <system-out/>
  <testcase classname="API_RestAssuredProject.RestAssured.AppTest" name="doUserPost" time="3.588"/>
  <system-out/>
  <testcase classname="API_RestAssuredProject.RestAssured.AppTest" name="getUserEmail" time="0.632"/>
  <system-out/>
</testsuite> <!-- API_RestAssuredProject.RestAssured.AppTest -->
