<?xml version="1.0" encoding="UTF-8"?>
<!-- Generated by org.testng.reporters.JUnitReportReporter -->
<testsuite hostname="DESKTOP-C3B320K" failures="0" tests="3" name="API_RestAssuredProject.RestAssured.AppTest" time="7.443" errors="0" timestamp="2022-07-29T18:42:56 EET" skipped="0">
  <testcase classname="API_RestAssuredProject.RestAssured.AppTest" name="getUserEmail" time="6.388"/>
  <system-out/>
  <testcase classname="API_RestAssuredProject.RestAssured.AppTest" name="getUserPosts" time="0.523"/>
  <system-out/>
  <testcase classname="API_RestAssuredProject.RestAssured.AppTest" name="doUserPost" time="0.532"/>
  <system-out/>
</testsuite> <!-- API_RestAssuredProject.RestAssured.AppTest -->
