<?xml version="1.0" encoding="UTF-8"?>
<!-- Generated by org.testng.reporters.JUnitXMLReporter -->
<testsuite ignored="2" hostname="DESKTOP-C3B320K" failures="0" tests="1" name="Default test" time="2.436" errors="0" timestamp="2022-07-29T16:17:19 EET">
  <testcase classname="API_RestAssuredProject.RestAssured.AppTest" name="doUserPost" time="2.213"/>
  <testcase classname="API_RestAssuredProject.RestAssured.AppTest" name="getUserEmail" time="0.0">
    <ignored/>
  </testcase> <!-- getUserEmail -->
  <testcase classname="API_RestAssuredProject.RestAssured.AppTest" name="getUserPosts" time="0.0">
    <ignored/>
  </testcase> <!-- getUserPosts -->
</testsuite> <!-- Default test -->
