<?xml version="1.0" encoding="UTF-8"?>
<!-- Generated by org.testng.reporters.JUnitXMLReporter -->
<testsuite ignored="0" hostname="DESKTOP-537R0T8" failures="0" tests="3" name="ValeoT1.TestSuite1.Test1" time="3.102" errors="0" timestamp="2022-07-29T19:41:17 EET">
  <testcase classname="API_RestAssuredProject.RestAssured.App" name="getUserEmail" time="1.587"/>
  <testcase classname="API_RestAssuredProject.RestAssured.App" name="getUserPosts" time="0.501"/>
  <testcase classname="API_RestAssuredProject.RestAssured.App" name="doUserPost" time="0.504"/>
</testsuite> <!-- ValeoT1.TestSuite1.Test1 -->
